750
1
985 988
993 995
990 991
973 974
980 981
932 934
996 999
977 979
982 984
927 928
947 949
956 957
929 930
840 841
937 940
894 897
967 968
853 856
961 965
958 960
952 953
912 915
941 943
861 862
884 885
891 892
916 918
774 781
825 828
873 876
832 833
846 847
882 883
805 806
808 810
879 881
945 946
740 744
813 814
662 664
910 911
770 773
481 482
697 698
837 838
857 858
816 817
904 909
866 868
818 824
735 737
765 769
695 696
620 622
834 835
795 796
705 709
919 920
898 901
716 717
720 721
668 670
902 903
751 752
800 801
114 115
609 612
455 458
871 872
665 666
543 544
759 760
615 617
793 794
7
407 408
660 661
422 424
681 683
581 582
753 758
797 798
409 410
788 789
564 566
762 763
259 262
147 150
628 630
701 703
710 711
635 636
637 643
675 676
726 731
686 689
470 471
521 522
512 513
534 535
528 529
134 137
382 383
339 341
343 344
401 402
595 598
490 492
714 715
568 571
466 469
372 373
583 585
413 414
624 625
99 101
231 234
618 619
579 580
494 495
657 659
510 511
633 634
452 454
474 475
27 30
749 750
553 558
572 573
428 432
49 51
699 700
525 527
517 518
386 388
651 653
198 199
138 143
387
673 674
353 355
289 290
484 487
562 563
607 608
20 26
586 587
444 445
415 417
153 155
459 461
631 632
684 685
501 503
601 603
464 465
589 590
118 119
438 443
403 405
226 227
324 327
200 204
390 392
238 242
263 264
434 437
71 72
384 385
345 350
375 376
545 547
285 288
297 304
577 578
40 44
899
246 248
161 162
273 280
368 371
266 269
105 108
476 478
126 128
10 12
163 165
80 82
94 95
249 250
799
496 498
394 395
782 783
188 190
91 93
183 185
46 47
6 8
337 338
537 542
214 215
168 169
64 65
66 67
599 600
171 172
129 130
548 552
335 336
252 253
330 331
447 449
243 244
310 318
191 195
173 175
52 53
144 146
236 237
306 307
151 152
223 224
321 322
15 18
131 133
76 79
365 366
54 55
962
359 363
123 124
530
156 157
31 32
539
102 104
180 182
256 257
270 271
523 524
756
836
275
728
969
218 221
802
59 61
291 295
950
732
924
889
992
550
733
706
398 399
272
803
86 88
855
654
951
921
896
923
964
880
761
820
281
867
588
116 117
994
644
9
216
158 160
688
939
987
509
754
963
779
878
73
860
936
998
972
954
922
36 37
96 97
997
864
426 427
68 69
792
986
260
821
890
209
423
907
206 207
888
702
852
584
723
648
743
931
677
863
757
845
851
849
887
629
736
975
84 85
729
913
746
450
865
679
978
926
504
935
416
596
663
0 2
768
786
839
807
971
286
125
893
830
812
292
34
908
755
650
500
906
645
777
179
970
479
559
787
771
451
745
815
712
364
473
508
775
463
567
516
933
831
557
707
561
467
942
393
468
300
827
724
725
81
462
551
718
905
742
989
370
497
536
189
606
57 58
480
604
627
499
877
804
196
311
886
623
739
148
895
641
597
211
502
418 419
48
591
251
532
925
277
555
944
616
348
955
652
850
983
367
638
708
352
404
533
565
197
314
730
483
457
435
819
313
472
594
334
28
241
225
747
219
299
575
320
593
228
381
826
605
109
347
287
113
139
514
869
741
230
531
848
83
488
875
111
87
611
4
127
704
570
764
301
433
181
546
421
357
201
791
254
491
411
70
900
441
90
217
576
16
560
325
120
360
785
103
874
784
23
22
678
302
203
574
719
202
556
959
329
914
247
655
671
187
267
194
439
859
692
772
460
549
35
966
843
669
687
870
213
778
78
396
811
235
5
21
308
159
358
425
3
222
485
13
809
658
667
844
149
613
526
456
938
554
694
722
296
312
610
614
100
436
822
507
391
19
62
11
140
63
178
823
265
92
442
332
680
412
389
519
45
420
240
268
351
107
258
406
50
29
649
767
145
154
917
166
229
89
446
38
208
167
298
112
177
520
205
77
713
255
25
239
647
106
283
284
340
349
672
477
33
361
453
56
98
41
602
220
121
174
279
569
515
176
780
164
626
75
328
142
790
141
646
842
592
14
431
342
656
210
319
397
261
400
377
274
682
43
136
17
727
184
24
540
346
309
193
369
690
976
333
430
429
776
316
621
693
212
315
506
303
379
493
766
42
829
276
132
356
305
323
489
110
293
326
448
374
748
541
640
538
642
192
639
74
948
505
278
734
60
354
440
362
738
39
378
294
691
317
486
170
854
233
380
245
282
135
186
122
232
